================BQ1=================

                        array(
                            'value' => '被吻羡慕不',
                            'text' => '被吻羡慕不',
                            'img' => 'http://m2.dwstatic.com/bi_material/20160708/f3ccdd27d2000e3f9255a7e3e2c488001467974046699478905.jpg'
                        ),

================BQ2=================

                        array(
                            'value' => '让我爽一次吧',
                            'text' => '让我爽一次吧',
                            'img' => 'http://m2.dwstatic.com/bi_material/20160708/156005c5baf40ff51a327f1c34f2975b1467974046353659814.jpg'
                        ),

================BQ3=================

                        array(
                            'value' => '有机会一起生孩子',
                            'text' => '有机会一起生孩子',
                            'img' => 'http://m2.dwstatic.com/bi_material/20160708/18e2999891374a475d0687ca9f989d831467974046640985520.jpg'
                        ),

================BQ4=================

                        array(
                            'value' => '给我一个么么哒',
                            'text' => '给我一个么么哒',
                            'img' => 'http://m2.dwstatic.com/bi_material/20160708/62bf1edb36141f114521ec4bb41755791467974046832308932.jpg'
                        ),

================BQ5=================

                        array(
                            'value' => '怎么生出如此美丽的你',
                            'text' => '怎么生出如此美丽的你',
                            'img' => 'http://m2.dwstatic.com/bi_material/20160708/30e62fddc14c05988b44e7c02788e1871467974046334528282.jpg'
                        ),

================BQ6=================

                        array(
                            'value' => '除了恋爱没什么好谈的',
                            'text' => '除了恋爱没什么好谈的',
                            'img' => 'http://m2.dwstatic.com/bi_material/20160708/db3a17f7bcac837ecc1fe2bc630a54731467974046368952518.jpg'
                        ),

================BQ7=================

                        array(
                            'value' => '你男朋友真幸运',
                            'text' => '你男朋友真幸运',
                            'img' => 'http://m2.dwstatic.com/bi_material/20160708/fe5df232cafa4c4e0f1a0294418e56601467974046695608671.jpg'
                        ),

================BQ8=================

                        array(
                            'value' => '老夫帮你脱了吧',
                            'text' => '老夫帮你脱了吧',
                            'img' => 'http://m2.dwstatic.com/bi_material/20160708/9414a8f5b810972c3c9a0e2860c075321467974046313617917.jpg'
                        ),

================BQ9=================

                        array(
                            'value' => '你命中缺我啊',
                            'text' => '你命中缺我啊',
                            'img' => 'http://m2.dwstatic.com/bi_material/20160708/8df7b73a7820f4aef47864f2a6c5fccf1467974046277894327.jpg'
                        ),

================BQ10=================

                        array(
                            'value' => '我能插嘴吗',
                            'text' => '我能插嘴吗',
                            'img' => 'http://m2.dwstatic.com/bi_material/20160708/8cda81fc7ad906927144235dda5fdf151467974046156321575.jpg'
                        ),

================BQ11=================

                        array(
                            'value' => '我可以*你吗',
                            'text' => '我可以*你吗',
                            'img' => 'http://m2.dwstatic.com/bi_material/20160708/032b2cc936860b03048302d991c3498f1467974046990424258.jpg'
                        ),

================BQ12=================

                        array(
                            'value' => '帮你穿上别着凉',
                            'text' => '帮你穿上别着凉',
                            'img' => 'http://m2.dwstatic.com/bi_material/20160708/ae566253288191ce5d879e51dae1d8c31467974046768187520.jpg'
                        ),

================BQ13=================

                        array(
                            'value' => '掉了一个男朋友',
                            'text' => '掉了一个男朋友',
                            'img' => 'http://m2.dwstatic.com/bi_material/20160708/edab7ba7e203cd7576d1200465194ea81467974046534479446.jpg'
                        ),

================BQ14=================

                        array(
                            'value' => '多日之后就熟悉了',
                            'text' => '多日之后就熟悉了',
                            'img' => 'http://m2.dwstatic.com/bi_material/20160708/799bad5a3b514f096e69bbc4a7896cd9146797404696969229.jpg'
                        ),

================BQ15=================

                        array(
                            'value' => '做个爱再走',
                            'text' => '做个爱再走',
                            'img' => 'http://m2.dwstatic.com/bi_material/20160708/d0096ec6c83575373e3a21d129ff8fef1467974046172811885.jpg'
                        ),

